<?xml version="1.0" encoding="UTF-8"?>
<!-- Generated by org.testng.reporters.JUnitReportReporter -->
<testsuite skipped="0" hostname="WINDOWS10" name="com.qa.test.MainPageTest" tests="1" failures="0" timestamp="2020-07-24T13:03:06 IST" time="43.152" errors="0">
  <testcase name="MainpageTitleTest" time="43.152" classname="com.qa.test.MainPageTest"/>
</testsuite> <!-- com.qa.test.MainPageTest -->
