<?xml version="1.0" encoding="UTF-8"?>
<!-- Generated by org.testng.reporters.JUnitReportReporter -->
<testsuite skipped="0" hostname="WINDOWS10" name="com.qa.test.ElementstabtextboxTest" tests="1" failures="0" timestamp="2020-07-26T17:58:59 IST" time="32.144" errors="0">
  <testcase name="filltextbox" time="32.144" classname="com.qa.test.ElementstabtextboxTest"/>
</testsuite> <!-- com.qa.test.ElementstabtextboxTest -->
